2022-10-31 11:00:57,394 [Worker-4: Loading available Gradle versions] INFO  o.e.b.c.i.u.g.PublishedGradleVersions - Gradle version information cache is up-to-date. Trying to read.
2022-10-31 11:01:19,328 [Worker-11: Importing Maven projects] INFO  o.e.m.c.i.l.LifecycleMappingFactory - Using org.eclipse.m2e.jdt.JarLifecycleMapping lifecycle mapping for MavenProject: com.luv2code.springboot:thymeleafdemo-employees-crud-security-with-jdbc-authentication:1.0.0 @ /home/vishal/eclipse-workspace/thymeleaf/thymeleafdemo-UpdateAdmin-2FrontEnd/pom.xml.
2022-10-31 11:01:19,801 [Worker-11: Importing Maven projects] INFO  o.e.m.c.i.l.LifecycleMappingFactory - Using org.eclipse.m2e.jdt.JarLifecycleMapping lifecycle mapping for MavenProject: com.luv2code.springboot:thymeleafdemo-employees-crud-security-with-jdbc-authentication:1.0.0 @ /home/vishal/eclipse-workspace/thymeleaf/thymeleafdemo-UpdateAdmin-3backEnd/pom.xml.
2022-10-31 11:01:19,871 [Worker-11: Importing Maven projects] INFO  o.e.m.c.i.l.LifecycleMappingFactory - Using org.eclipse.m2e.jdt.JarLifecycleMapping lifecycle mapping for MavenProject: com.luv2code.springboot:thymeleafdemo-employees-crud-security-with-jdbc-authentication:1.0.0 @ /home/vishal/eclipse-workspace/thymeleaf/thymeleafdemo-UpdateAdmin-5backEnd/pom.xml.
2022-10-31 11:01:20,017 [Worker-11: Importing Maven projects] INFO  o.e.m.c.i.l.LifecycleMappingFactory - Using org.eclipse.m2e.jdt.JarLifecycleMapping lifecycle mapping for MavenProject: com.luv2code.springboot:thymeleafdemo-employees-crud-security-with-jdbc-authentication:1.0.0 @ /home/vishal/eclipse-workspace/thymeleaf/thymeleafdemo-UpdateAdmin-4backEnd/pom.xml.
2022-10-31 11:01:20,593 [Worker-11: Importing Maven projects] INFO  o.e.m.j.i.AbstractJavaProjectConfigurator - Adding source folder /thymeleafdemo-UpdateAdmin-4backEnd/src/main/java
2022-10-31 11:01:20,594 [Worker-11: Importing Maven projects] INFO  o.e.m.j.i.AbstractJavaProjectConfigurator - Adding resource folder /thymeleafdemo-UpdateAdmin-4backEnd/src/main/resources
2022-10-31 11:01:20,595 [Worker-11: Importing Maven projects] INFO  o.e.m.j.i.AbstractJavaProjectConfigurator - Adding resource folder /thymeleafdemo-UpdateAdmin-4backEnd/src/main/resources
2022-10-31 11:01:20,596 [Worker-11: Importing Maven projects] INFO  o.e.m.j.i.AbstractJavaProjectConfigurator - Adding source folder /thymeleafdemo-UpdateAdmin-4backEnd/src/test/java
2022-10-31 11:01:20,705 [Worker-11: Importing Maven projects] INFO  o.e.m.c.i.p.ProjectConfigurationManager - Imported and configured 4 project(s) in 3 sec
2022-10-31 11:01:22,759 [Worker-17: Building] INFO  o.e.m.c.i.embedder.EclipseLogger - Using 'UTF-8' encoding to copy filtered resources.
2022-10-31 11:01:22,764 [Worker-17: Building] INFO  o.e.m.c.i.embedder.EclipseLogger - Copying 1 resource
2022-10-31 11:01:22,781 [Worker-17: Building] INFO  o.e.m.c.i.embedder.EclipseLogger - Copying 8 resources
2022-10-31 11:01:22,793 [Worker-17: Building] INFO  o.e.m.c.i.embedder.EclipseLogger - Using 'UTF-8' encoding to copy filtered resources.
2022-10-31 11:01:22,793 [Worker-17: Building] INFO  o.e.m.c.i.embedder.EclipseLogger - skip non existing resourceDirectory /home/vishal/eclipse-workspace/thymeleaf/thymeleafdemo-UpdateAdmin-2FrontEnd/src/test/resources
2022-10-31 11:01:23,344 [Worker-17: Building] INFO  o.e.m.c.i.embedder.EclipseLogger - Using 'UTF-8' encoding to copy filtered resources.
2022-10-31 11:01:23,345 [Worker-17: Building] INFO  o.e.m.c.i.embedder.EclipseLogger - Copying 1 resource
2022-10-31 11:01:23,346 [Worker-17: Building] INFO  o.e.m.c.i.embedder.EclipseLogger - Copying 8 resources
2022-10-31 11:01:23,354 [Worker-17: Building] INFO  o.e.m.c.i.embedder.EclipseLogger - Using 'UTF-8' encoding to copy filtered resources.
2022-10-31 11:01:23,354 [Worker-17: Building] INFO  o.e.m.c.i.embedder.EclipseLogger - skip non existing resourceDirectory /home/vishal/eclipse-workspace/thymeleaf/thymeleafdemo-UpdateAdmin-3backEnd/src/test/resources
2022-10-31 11:01:23,639 [Worker-17: Building] INFO  o.e.m.c.i.embedder.EclipseLogger - Using 'UTF-8' encoding to copy filtered resources.
2022-10-31 11:01:23,640 [Worker-17: Building] INFO  o.e.m.c.i.embedder.EclipseLogger - Copying 1 resource
2022-10-31 11:01:23,642 [Worker-17: Building] INFO  o.e.m.c.i.embedder.EclipseLogger - Copying 9 resources
2022-10-31 11:01:23,653 [Worker-17: Building] INFO  o.e.m.c.i.embedder.EclipseLogger - Using 'UTF-8' encoding to copy filtered resources.
2022-10-31 11:01:23,654 [Worker-17: Building] INFO  o.e.m.c.i.embedder.EclipseLogger - skip non existing resourceDirectory /home/vishal/eclipse-workspace/thymeleaf/thymeleafdemo-UpdateAdmin-4backEnd/src/test/resources
2022-10-31 11:01:23,939 [Worker-17: Building] INFO  o.e.m.c.i.embedder.EclipseLogger - Using 'UTF-8' encoding to copy filtered resources.
2022-10-31 11:01:23,940 [Worker-17: Building] INFO  o.e.m.c.i.embedder.EclipseLogger - Copying 1 resource
2022-10-31 11:01:23,942 [Worker-17: Building] INFO  o.e.m.c.i.embedder.EclipseLogger - Copying 9 resources
2022-10-31 11:01:23,953 [Worker-17: Building] INFO  o.e.m.c.i.embedder.EclipseLogger - Using 'UTF-8' encoding to copy filtered resources.
2022-10-31 11:01:23,953 [Worker-17: Building] INFO  o.e.m.c.i.embedder.EclipseLogger - skip non existing resourceDirectory /home/vishal/eclipse-workspace/thymeleaf/thymeleafdemo-UpdateAdmin-5backEnd/src/test/resources
2022-10-31 11:02:09,538 [Worker-12: Building] INFO  o.e.m.c.i.embedder.EclipseLogger - Using 'UTF-8' encoding to copy filtered resources.
2022-10-31 11:02:09,540 [Worker-12: Building] INFO  o.e.m.c.i.embedder.EclipseLogger - Copying 0 resource
2022-10-31 11:02:09,540 [Worker-12: Building] INFO  o.e.m.c.i.embedder.EclipseLogger - Copying 0 resource
2022-10-31 11:02:09,545 [Worker-12: Building] INFO  o.e.m.c.i.embedder.EclipseLogger - Using 'UTF-8' encoding to copy filtered resources.
2022-10-31 11:02:09,546 [Worker-12: Building] INFO  o.e.m.c.i.embedder.EclipseLogger - skip non existing resourceDirectory /home/vishal/eclipse-workspace/thymeleaf/thymeleafdemo-UpdateAdmin-2FrontEnd/src/test/resources
2022-10-31 11:02:09,564 [Worker-12: Building] INFO  o.e.m.c.i.embedder.EclipseLogger - Using 'UTF-8' encoding to copy filtered resources.
2022-10-31 11:02:09,564 [Worker-12: Building] INFO  o.e.m.c.i.embedder.EclipseLogger - Copying 0 resource
2022-10-31 11:02:09,565 [Worker-12: Building] INFO  o.e.m.c.i.embedder.EclipseLogger - Copying 0 resource
2022-10-31 11:02:09,570 [Worker-12: Building] INFO  o.e.m.c.i.embedder.EclipseLogger - Using 'UTF-8' encoding to copy filtered resources.
2022-10-31 11:02:09,570 [Worker-12: Building] INFO  o.e.m.c.i.embedder.EclipseLogger - skip non existing resourceDirectory /home/vishal/eclipse-workspace/thymeleaf/thymeleafdemo-UpdateAdmin-3backEnd/src/test/resources
2022-10-31 11:02:09,586 [Worker-12: Building] INFO  o.e.m.c.i.embedder.EclipseLogger - Using 'UTF-8' encoding to copy filtered resources.
2022-10-31 11:02:09,587 [Worker-12: Building] INFO  o.e.m.c.i.embedder.EclipseLogger - Copying 0 resource
2022-10-31 11:02:09,587 [Worker-12: Building] INFO  o.e.m.c.i.embedder.EclipseLogger - Copying 0 resource
2022-10-31 11:02:09,592 [Worker-12: Building] INFO  o.e.m.c.i.embedder.EclipseLogger - Using 'UTF-8' encoding to copy filtered resources.
2022-10-31 11:02:09,593 [Worker-12: Building] INFO  o.e.m.c.i.embedder.EclipseLogger - skip non existing resourceDirectory /home/vishal/eclipse-workspace/thymeleaf/thymeleafdemo-UpdateAdmin-4backEnd/src/test/resources
2022-10-31 11:02:09,610 [Worker-12: Building] INFO  o.e.m.c.i.embedder.EclipseLogger - Using 'UTF-8' encoding to copy filtered resources.
2022-10-31 11:02:09,610 [Worker-12: Building] INFO  o.e.m.c.i.embedder.EclipseLogger - Copying 0 resource
2022-10-31 11:02:09,610 [Worker-12: Building] INFO  o.e.m.c.i.embedder.EclipseLogger - Copying 0 resource
2022-10-31 11:02:09,615 [Worker-12: Building] INFO  o.e.m.c.i.embedder.EclipseLogger - Using 'UTF-8' encoding to copy filtered resources.
2022-10-31 11:02:09,616 [Worker-12: Building] INFO  o.e.m.c.i.embedder.EclipseLogger - skip non existing resourceDirectory /home/vishal/eclipse-workspace/thymeleaf/thymeleafdemo-UpdateAdmin-5backEnd/src/test/resources
2022-11-01 13:13:47,650 [Worker-0: Loading available Gradle versions] INFO  o.e.b.c.i.u.g.PublishedGradleVersions - Gradle version information cache is up-to-date. Trying to read.
2022-11-16 21:10:55,168 [Worker-1: Loading available Gradle versions] INFO  o.e.b.c.i.u.g.PublishedGradleVersions - Gradle version information cache is up-to-date. Trying to read.
